<?xml version="1.0" encoding="UTF-8"?>
<testsuite xmlns:xsi="http://www.w3.org/2001/XMLSchema-instance" xsi:noNamespaceSchemaLocation="https://maven.apache.org/surefire/maven-surefire-plugin/xsd/surefire-test-report.xsd" name="CreateOrderTest" time="7.524" tests="4" errors="0" skipped="0" failures="2">
  <properties>
[...]
</properties>
  <testcase name="createOrderWithIncorrectIngredients" classname="CreateOrderTest" time="1.676">
    <failure message="expected:&lt;500&gt; but was:&lt;400&gt;" type="java.lang.AssertionError"><![CDATA[java.lang.AssertionError: expected:<500> but was:<400>
	at CreateOrderTest.createOrderWithIncorrectIngredients(CreateOrderTest.java:67)
]]></failure>
  </testcase>
  <testcase name="createOrderWithoutAuthorization" classname="CreateOrderTest" time="1.69">
    <failure message="expected:&lt;401&gt; but was:&lt;200&gt;" type="java.lang.AssertionError"><![CDATA[java.lang.AssertionError: expected:<401> but was:<200>
	at CreateOrderTest.createOrderWithoutAuthorization(CreateOrderTest.java:47)
]]></failure>
  </testcase>
  <testcase name="createOrderWithoutIngredients" classname="CreateOrderTest" time="2.014"/>
  <testcase name="createOrderWithAuthorization" classname="CreateOrderTest" time="2.14"/>
</testsuite>